<?xml version="1.0" encoding="UTF-8"?>
<!-- Generated by org.testng.reporters.JUnitReportReporter -->
<testsuite hostname="Ritesh" failures="0" tests="1" name="Package1.scnd" time="0.013" errors="0" timestamp="2020-04-26T13:42:04 IST" skipped="0">
  <testcase classname="Package1.scnd" name="m1" time="0.013"/>
  <system-out/>
</testsuite> <!-- Package1.scnd -->
