<?xml version="1.0" encoding="UTF-8"?>
<!-- Generated by org.testng.reporters.JUnitReportReporter -->
<testsuite hostname="Ritesh" failures="0" tests="1" name="Package1.First" time="0.031" errors="0" timestamp="2020-04-26T13:32:40 IST" skipped="0">
  <testcase classname="Package1.First" name="m1" time="0.031"/>
  <system-out/>
</testsuite> <!-- Package1.First -->
